

*******************************************************************************
Tue Mar  6 10:40:15 2018


FIT:    data read from "salidaseleccion.dat"
        format = z
        #datapoints = 50
        residuals are weighted equally (unit weight)

function used for fitting: f(x)
fitted parameters initialized with current variable values



 Iteration 0
 WSSR        : 6.56699e+19       delta(WSSR)/WSSR   : 0
 delta(WSSR) : 0                 limit for stopping : 1e-05
 lambda	  : 6.61648e+08

initial set of free parameter values

a               = 1
b               = 1
c               = 1

After 12 iterations the fit converged.
final sum of squares of residuals : 0.0379793
rel. change during last iteration : -4.75621e-07

degrees of freedom    (FIT_NDF)                        : 47
rms of residuals      (FIT_STDFIT) = sqrt(WSSR/ndf)    : 0.0284266
variance of residuals (reduced chisquare) = WSSR/ndf   : 0.00080807

Final set of parameters            Asymptotic Standard Error
=======================            ==========================

a               = 1.29393e-09      +/- 2.16e-11     (1.669%)
b               = 1.68744e-06      +/- 1.136e-06    (67.33%)
c               = 0.012005         +/- 0.01256      (104.6%)


correlation matrix of the fit parameters:

               a      b      c      
a               1.000 
b              -0.969  1.000 
c               0.760 -0.876  1.000 
