

*******************************************************************************
Tue Mar  6 11:39:12 2018


FIT:    data read from "salidaburbuja.dat"
        format = z
        #datapoints = 50
        residuals are weighted equally (unit weight)

function used for fitting: f(x)
fitted parameters initialized with current variable values



 Iteration 0
 WSSR        : 6.56699e+19       delta(WSSR)/WSSR   : 0
 delta(WSSR) : 0                 limit for stopping : 1e-05
 lambda	  : 6.61648e+08

initial set of free parameter values

a               = 1
b               = 1
c               = 1

After 12 iterations the fit converged.
final sum of squares of residuals : 0.0310918
rel. change during last iteration : -5.94625e-07

degrees of freedom    (FIT_NDF)                        : 47
rms of residuals      (FIT_STDFIT) = sqrt(WSSR/ndf)    : 0.0257202
variance of residuals (reduced chisquare) = WSSR/ndf   : 0.000661528

Final set of parameters            Asymptotic Standard Error
=======================            ==========================

a               = 1.23618e-09      +/- 1.954e-11    (1.581%)
b               = 2.02481e-06      +/- 1.028e-06    (50.77%)
c               = 0.000471522      +/- 0.01136      (2410%)


correlation matrix of the fit parameters:

               a      b      c      
a               1.000 
b              -0.969  1.000 
c               0.760 -0.876  1.000 
