

*******************************************************************************
Mon Mar  5 18:50:50 2018


FIT:    data read from "salidainsercionpeorcaso.dat"
        format = z
        #datapoints = 50
        residuals are weighted equally (unit weight)

function used for fitting: f(x)
fitted parameters initialized with current variable values



*******************************************************************************
Mon Mar  5 18:51:08 2018


FIT:    data read from "salidainsercionpeorcaso.dat"
        format = z
        #datapoints = 50
        residuals are weighted equally (unit weight)

function used for fitting: f(x)
fitted parameters initialized with current variable values



 Iteration 0
 WSSR        : 6.56699e+19       delta(WSSR)/WSSR   : 0
 delta(WSSR) : 0                 limit for stopping : 1e-05
 lambda	  : 6.61648e+08

initial set of free parameter values

a               = 1
b               = 1
c               = 1

After 12 iterations the fit converged.
final sum of squares of residuals : 0.065774
rel. change during last iteration : -2.82534e-07

degrees of freedom    (FIT_NDF)                        : 47
rms of residuals      (FIT_STDFIT) = sqrt(WSSR/ndf)    : 0.0374092
variance of residuals (reduced chisquare) = WSSR/ndf   : 0.00139945

Final set of parameters            Asymptotic Standard Error
=======================            ==========================

a               = 2.439e-09        +/- 2.842e-11    (1.165%)
b               = 1.54557e-06      +/- 1.495e-06    (96.73%)
c               = -0.00210542      +/- 0.01653      (785%)


correlation matrix of the fit parameters:

               a      b      c      
a               1.000 
b              -0.969  1.000 
c               0.760 -0.876  1.000 
