

*******************************************************************************
Wed Mar 28 15:20:03 2018


FIT:    data read from "salidamoda.dat"
        format = z
        #datapoints = 500
        residuals are weighted equally (unit weight)

function used for fitting: f(x)
fitted parameters initialized with current variable values



 Iteration 0
 WSSR        : 1.08838e+14       delta(WSSR)/WSSR   : 0
 delta(WSSR) : 0                 limit for stopping : 1e-05
 lambda	  : 219300

initial set of free parameter values

a               = 1
b               = 1
c               = 1
d               = 1

After 9 iterations the fit converged.
final sum of squares of residuals : 0.108912
rel. change during last iteration : -2.60918e-08

degrees of freedom    (FIT_NDF)                        : 496
rms of residuals      (FIT_STDFIT) = sqrt(WSSR/ndf)    : 0.0148183
variance of residuals (reduced chisquare) = WSSR/ndf   : 0.000219581

Final set of parameters            Asymptotic Standard Error
=======================            ==========================

a               = 1.18519e-07      +/- 2.111e-07    (178.1%)
b               = 6.91465e-07      +/- 3.513e-06    (508%)
c               = -0.00135265      +/- 0.002162     (159.9%)
d               = 0.0134114        +/- 0.02165      (161.4%)


correlation matrix of the fit parameters:

               a      b      c      d      
a               1.000 
b              -1.000  1.000 
c               0.891 -0.901  1.000 
d              -0.835  0.847 -0.992  1.000 


*******************************************************************************
Wed Mar 28 15:20:52 2018


FIT:    data read from "salidamoda.dat"
        format = z
        #datapoints = 500
        residuals are weighted equally (unit weight)

function used for fitting: f(x)
fitted parameters initialized with current variable values



 Iteration 0
 WSSR        : 0.108912          delta(WSSR)/WSSR   : 0
 delta(WSSR) : 0                 limit for stopping : 1e-05
 lambda	  : 219300

initial set of free parameter values

a               = 1.18519e-07
b               = 6.91465e-07
c               = -0.00135265
d               = 0.0134114

The maximum lambda = 1.000000e+20 was exceeded. Fit stopped.
final sum of squares of residuals : 0.108912
rel. change during last iteration : 0

degrees of freedom    (FIT_NDF)                        : 496
rms of residuals      (FIT_STDFIT) = sqrt(WSSR/ndf)    : 0.0148183
variance of residuals (reduced chisquare) = WSSR/ndf   : 0.000219581

Final set of parameters            Asymptotic Standard Error
=======================            ==========================

a               = 1.18519e-07      +/- 2.111e-07    (178.1%)
b               = 6.91465e-07      +/- 3.513e-06    (508%)
c               = -0.00135265      +/- 0.002162     (159.9%)
d               = 0.0134114        +/- 0.02165      (161.4%)


correlation matrix of the fit parameters:

               a      b      c      d      
a               1.000 
b              -1.000  1.000 
c               0.891 -0.901  1.000 
d              -0.835  0.847 -0.992  1.000 


*******************************************************************************
Wed Mar 28 15:23:45 2018


FIT:    data read from "salidamoda.dat"
        format = z
        #datapoints = 200
        residuals are weighted equally (unit weight)

function used for fitting: f(x)
fitted parameters initialized with current variable values



 Iteration 0
 WSSR        : 8.83972e+14       delta(WSSR)/WSSR   : 0
 delta(WSSR) : 0                 limit for stopping : 1e-05
 lambda	  : 994925

initial set of free parameter values

a               = 1
b               = 1
c               = 1
d               = 1

After 10 iterations the fit converged.
final sum of squares of residuals : 0.101038
rel. change during last iteration : -5.47168e-09

degrees of freedom    (FIT_NDF)                        : 196
rms of residuals      (FIT_STDFIT) = sqrt(WSSR/ndf)    : 0.0227047
variance of residuals (reduced chisquare) = WSSR/ndf   : 0.000515502

Final set of parameters            Asymptotic Standard Error
=======================            ==========================

a               = -1.03353e-07     +/- 1.38e-07     (133.5%)
b               = 3.75658e-06      +/- 2.579e-06    (68.65%)
c               = -0.000638121     +/- 0.005953     (932.9%)
d               = 0.00795662       +/- 0.07191      (903.8%)


correlation matrix of the fit parameters:

               a      b      c      d      
a               1.000 
b              -1.000  1.000 
c               0.906 -0.914  1.000 
d              -0.868  0.878 -0.996  1.000 
