

*******************************************************************************
Wed Mar 28 15:39:42 2018


FIT:    data read from "salidamoda.dat"
        format = z
        #datapoints = 200
        residuals are weighted equally (unit weight)

function used for fitting: f(x)
fitted parameters initialized with current variable values



 Iteration 0
 WSSR        : 2.68674e+12       delta(WSSR)/WSSR   : 0
 delta(WSSR) : 0                 limit for stopping : 1e-05
 lambda	  : 81955.8

initial set of free parameter values

a               = 1
b               = 1

After 8 iterations the fit converged.
final sum of squares of residuals : 0.000176571
rel. change during last iteration : -2.99205e-07

degrees of freedom    (FIT_NDF)                        : 198
rms of residuals      (FIT_STDFIT) = sqrt(WSSR/ndf)    : 0.000944337
variance of residuals (reduced chisquare) = WSSR/ndf   : 8.91773e-07

Final set of parameters            Asymptotic Standard Error
=======================            ==========================

a               = 3.93273e-08      +/- 1.157e-09    (2.941%)
b               = -0.000180674     +/- 0.0001341    (74.2%)


correlation matrix of the fit parameters:

               a      b      
a               1.000 
b              -0.867  1.000 


*******************************************************************************
Wed Mar 28 15:40:54 2018


FIT:    data read from "salidamoda.dat"
        format = z
        #datapoints = 200
        residuals are weighted equally (unit weight)

function used for fitting: f(x)
fitted parameters initialized with current variable values



 Iteration 0
 WSSR        : 0.000176571       delta(WSSR)/WSSR   : 0
 delta(WSSR) : 0                 limit for stopping : 1e-05
 lambda	  : 81955.8

initial set of free parameter values

a               = 3.93273e-08
b               = -0.000180674

The maximum lambda = 1.000000e+20 was exceeded. Fit stopped.
final sum of squares of residuals : 0.000176571
rel. change during last iteration : 0

degrees of freedom    (FIT_NDF)                        : 198
rms of residuals      (FIT_STDFIT) = sqrt(WSSR/ndf)    : 0.000944337
variance of residuals (reduced chisquare) = WSSR/ndf   : 8.91773e-07

Final set of parameters            Asymptotic Standard Error
=======================            ==========================

a               = 3.93273e-08      +/- 1.157e-09    (2.941%)
b               = -0.000180674     +/- 0.0001341    (74.2%)


correlation matrix of the fit parameters:

               a      b      
a               1.000 
b              -0.867  1.000 
