

*******************************************************************************
Wed Mar 28 15:29:46 2018


FIT:    data read from "salidamoda.dat"
        format = z
        #datapoints = 200
        residuals are weighted equally (unit weight)

function used for fitting: f(x)
fitted parameters initialized with current variable values



 Iteration 0
 WSSR        : 8.83972e+14       delta(WSSR)/WSSR   : 0
 delta(WSSR) : 0                 limit for stopping : 1e-05
 lambda	  : 994925

initial set of free parameter values

a               = 1
b               = 1
c               = 1
d               = 1

After 10 iterations the fit converged.
final sum of squares of residuals : 0.106545
rel. change during last iteration : -6.3608e-09

degrees of freedom    (FIT_NDF)                        : 196
rms of residuals      (FIT_STDFIT) = sqrt(WSSR/ndf)    : 0.0233152
variance of residuals (reduced chisquare) = WSSR/ndf   : 0.000543599

Final set of parameters            Asymptotic Standard Error
=======================            ==========================

a               = 3.16e-08         +/- 1.417e-07    (448.4%)
b               = 9.75878e-07      +/- 2.648e-06    (271.4%)
c               = 0.00732362       +/- 0.006113     (83.47%)
d               = -0.0888788       +/- 0.07384      (83.08%)


correlation matrix of the fit parameters:

               a      b      c      d      
a               1.000 
b              -1.000  1.000 
c               0.906 -0.914  1.000 
d              -0.868  0.878 -0.996  1.000 


*******************************************************************************
Wed Mar 28 15:31:34 2018


FIT:    data read from "salidamoda.dat"
        format = z
        #datapoints = 200
        residuals are weighted equally (unit weight)

function used for fitting: f(x)
fitted parameters initialized with current variable values



 Iteration 0
 WSSR        : 0.106545          delta(WSSR)/WSSR   : 0
 delta(WSSR) : 0                 limit for stopping : 1e-05
 lambda	  : 994925

initial set of free parameter values

a               = 3.16e-08
b               = 9.75878e-07
c               = 0.00732362
d               = -0.0888788

After 1 iterations the fit converged.
final sum of squares of residuals : 0.106545
rel. change during last iteration : -1.17227e-15

degrees of freedom    (FIT_NDF)                        : 196
rms of residuals      (FIT_STDFIT) = sqrt(WSSR/ndf)    : 0.0233152
variance of residuals (reduced chisquare) = WSSR/ndf   : 0.000543599

Final set of parameters            Asymptotic Standard Error
=======================            ==========================

a               = 3.16e-08         +/- 1.417e-07    (448.4%)
b               = 9.75878e-07      +/- 2.648e-06    (271.4%)
c               = 0.00732362       +/- 0.006113     (83.47%)
d               = -0.0888788       +/- 0.07384      (83.08%)


correlation matrix of the fit parameters:

               a      b      c      d      
a               1.000 
b              -1.000  1.000 
c               0.906 -0.914  1.000 
d              -0.868  0.878 -0.996  1.000 
