

*******************************************************************************
Tue Mar 27 17:41:32 2018


FIT:    data read from "salidamaxmin.dat"
        format = z
        #datapoints = 200
        residuals are weighted equally (unit weight)

function used for fitting: f(x)
fitted parameters initialized with current variable values



 Iteration 0
 WSSR        : 2.68674e+12       delta(WSSR)/WSSR   : 0
 delta(WSSR) : 0                 limit for stopping : 1e-05
 lambda	  : 81955.8

initial set of free parameter values

a               = 1
b               = 1

After 8 iterations the fit converged.
final sum of squares of residuals : 5.56351e-05
rel. change during last iteration : -9.49281e-07

degrees of freedom    (FIT_NDF)                        : 198
rms of residuals      (FIT_STDFIT) = sqrt(WSSR/ndf)    : 0.00053008
variance of residuals (reduced chisquare) = WSSR/ndf   : 2.80985e-07

Final set of parameters            Asymptotic Standard Error
=======================            ==========================

a               = 2.09047e-08      +/- 6.492e-10    (3.106%)
b               = -1.32898e-05     +/- 7.525e-05    (566.2%)


correlation matrix of the fit parameters:

               a      b      
a               1.000 
b              -0.867  1.000 
