

*******************************************************************************
Wed Mar 28 13:55:40 2018


FIT:    data read from "salidazapatos.dat"
        format = z
        #datapoints = 500
        residuals are weighted equally (unit weight)

function used for fitting: f(x)
fitted parameters initialized with current variable values



 Iteration 0
 WSSR        : 1.08838e+14       delta(WSSR)/WSSR   : 0
 delta(WSSR) : 0                 limit for stopping : 1e-05
 lambda	  : 219300

initial set of free parameter values

a               = 1
b               = 1
c               = 1
d               = 1

After 9 iterations the fit converged.
final sum of squares of residuals : 0.261939
rel. change during last iteration : -9.769e-09

degrees of freedom    (FIT_NDF)                        : 496
rms of residuals      (FIT_STDFIT) = sqrt(WSSR/ndf)    : 0.0229805
variance of residuals (reduced chisquare) = WSSR/ndf   : 0.000528102

Final set of parameters            Asymptotic Standard Error
=======================            ==========================

a               = -1.20106e-06     +/- 3.274e-07    (27.26%)
b               = 2.53418e-05      +/- 5.448e-06    (21.5%)
c               = -0.0068462       +/- 0.003354     (48.98%)
d               = 0.058188         +/- 0.03357      (57.7%)


correlation matrix of the fit parameters:

               a      b      c      d      
a               1.000 
b              -1.000  1.000 
c               0.891 -0.901  1.000 
d              -0.835  0.847 -0.992  1.000 
