

*******************************************************************************
Thu Mar  8 12:38:55 2018


FIT:    data read from "salidaabb.dat"
        format = z
        #datapoints = 60
        residuals are weighted equally (unit weight)

function used for fitting: f(x)
fitted parameters initialized with current variable values



 Iteration 0
 WSSR        : 1.01303e+19       delta(WSSR)/WSSR   : 0
 delta(WSSR) : 0                 limit for stopping : 1e-05
 lambda	  : 2.37224e+08

initial set of free parameter values

a               = 1
b               = 1
c               = 1

After 12 iterations the fit converged.
final sum of squares of residuals : 0.312505
rel. change during last iteration : -2.25061e-12

degrees of freedom    (FIT_NDF)                        : 57
rms of residuals      (FIT_STDFIT) = sqrt(WSSR/ndf)    : 0.0740442
variance of residuals (reduced chisquare) = WSSR/ndf   : 0.00548255

Final set of parameters            Asymptotic Standard Error
=======================            ==========================

a               = 8.17656e-09      +/- 1.426e-10    (1.744%)
b               = -3.49372e-05     +/- 4.487e-06    (12.84%)
c               = 0.114474         +/- 0.02966      (25.91%)


correlation matrix of the fit parameters:

               a      b      c      
a               1.000 
b              -0.969  1.000 
c               0.758 -0.874  1.000 
