

*******************************************************************************
Wed Mar 28 13:37:26 2018


FIT:    data read from "salidazapatos.dat"
        format = z
        #datapoints = 500
        residuals are weighted equally (unit weight)

function used for fitting: f(x)
fitted parameters initialized with current variable values



 Iteration 0
 WSSR        : 9.57676e+13       delta(WSSR)/WSSR   : 0
 delta(WSSR) : 0                 limit for stopping : 1e-05
 lambda	  : 309463

initial set of free parameter values

a               = 1
b               = 1

After 8 iterations the fit converged.
final sum of squares of residuals : 0.280462
rel. change during last iteration : -7.53502e-07

degrees of freedom    (FIT_NDF)                        : 498
rms of residuals      (FIT_STDFIT) = sqrt(WSSR/ndf)    : 0.0237313
variance of residuals (reduced chisquare) = WSSR/ndf   : 0.000563176

Final set of parameters            Asymptotic Standard Error
=======================            ==========================

a               = 4.01043e-07      +/- 4.636e-09    (1.156%)
b               = 0.0168574        +/- 0.002029     (12.03%)


correlation matrix of the fit parameters:

               a      b      
a               1.000 
b              -0.852  1.000 


*******************************************************************************
Wed Mar 28 13:38:19 2018


FIT:    data read from "salidazapatos.dat"
        format = z
        #datapoints = 500
        residuals are weighted equally (unit weight)

function used for fitting: f(x)
fitted parameters initialized with current variable values



 Iteration 0
 WSSR        : 1.19175e+08       delta(WSSR)/WSSR   : 0
 delta(WSSR) : 0                 limit for stopping : 1e-05
 lambda	  : 253226

initial set of free parameter values

a               = 4.01043e-07
b               = 0.0168574
c               = 1

After 9 iterations the fit converged.
final sum of squares of residuals : 0.250147
rel. change during last iteration : -5.32594e-15

degrees of freedom    (FIT_NDF)                        : 497
rms of residuals      (FIT_STDFIT) = sqrt(WSSR/ndf)    : 0.0224347
variance of residuals (reduced chisquare) = WSSR/ndf   : 0.000503314

Final set of parameters            Asymptotic Standard Error
=======================            ==========================

a               = -7.25237e-07     +/- 1.452e-07    (20.02%)
b               = 1.78728e-05      +/- 2.303e-06    (12.89%)
c               = -0.0107667       +/- 0.004043     (37.55%)


correlation matrix of the fit parameters:

               a      b      c      
a               1.000 
b              -1.000  1.000 
c               0.868 -0.880  1.000 


*******************************************************************************
Wed Mar 28 13:39:07 2018


FIT:    data read from "salidazapatos.dat"
        format = z
        #datapoints = 500
        residuals are weighted equally (unit weight)

function used for fitting: f(x)
fitted parameters initialized with current variable values



 Iteration 0
 WSSR        : 368.536           delta(WSSR)/WSSR   : 0
 delta(WSSR) : 0                 limit for stopping : 1e-05
 lambda	  : 219300

initial set of free parameter values

a               = -7.25237e-07
b               = 1.78728e-05
c               = -0.0107667
d               = 1

After 9 iterations the fit converged.
final sum of squares of residuals : 0.248321
rel. change during last iteration : -1.30935e-08

degrees of freedom    (FIT_NDF)                        : 496
rms of residuals      (FIT_STDFIT) = sqrt(WSSR/ndf)    : 0.0223751
variance of residuals (reduced chisquare) = WSSR/ndf   : 0.000500647

Final set of parameters            Asymptotic Standard Error
=======================            ==========================

a               = -1.26755e-06     +/- 3.188e-07    (25.15%)
b               = 2.70041e-05      +/- 5.304e-06    (19.64%)
c               = -0.00623593      +/- 0.003265     (52.36%)
d               = 0.0511872        +/- 0.03269      (63.86%)


correlation matrix of the fit parameters:

               a      b      c      d      
a               1.000 
b              -1.000  1.000 
c               0.891 -0.901  1.000 
d              -0.835  0.847 -0.992  1.000 


*******************************************************************************
Wed Mar 28 13:39:52 2018


FIT:    data read from "salidazapatos.dat"
        format = z
        #datapoints = 500
        residuals are weighted equally (unit weight)

function used for fitting: f(x)
fitted parameters initialized with current variable values



 Iteration 0
 WSSR        : 0.767086          delta(WSSR)/WSSR   : 0
 delta(WSSR) : 0                 limit for stopping : 1e-05
 lambda	  : 253226

initial set of free parameter values

a               = -1.26755e-06
b               = 2.70041e-05
c               = -0.00623593

After 8 iterations the fit converged.
final sum of squares of residuals : 0.250147
rel. change during last iteration : -2.94977e-10

degrees of freedom    (FIT_NDF)                        : 497
rms of residuals      (FIT_STDFIT) = sqrt(WSSR/ndf)    : 0.0224347
variance of residuals (reduced chisquare) = WSSR/ndf   : 0.000503314

Final set of parameters            Asymptotic Standard Error
=======================            ==========================

a               = -7.25237e-07     +/- 1.452e-07    (20.02%)
b               = 1.78728e-05      +/- 2.303e-06    (12.89%)
c               = -0.0107667       +/- 0.004043     (37.55%)


correlation matrix of the fit parameters:

               a      b      c      
a               1.000 
b              -1.000  1.000 
c               0.868 -0.880  1.000 


*******************************************************************************
Wed Mar 28 13:40:47 2018


FIT:    data read from "salidazapatos.dat"
        format = z
        #datapoints = 500
        residuals are weighted equally (unit weight)

function used for fitting: f(x)
fitted parameters initialized with current variable values



 Iteration 0
 WSSR        : 4.47194           delta(WSSR)/WSSR   : 0
 delta(WSSR) : 0                 limit for stopping : 1e-05
 lambda	  : 219300

initial set of free parameter values

a               = -7.25237e-07
b               = 1.78728e-05
c               = -0.0107667
d               = 0.0511872

After 7 iterations the fit converged.
final sum of squares of residuals : 0.248321
rel. change during last iteration : -3.16668e-07

degrees of freedom    (FIT_NDF)                        : 496
rms of residuals      (FIT_STDFIT) = sqrt(WSSR/ndf)    : 0.0223751
variance of residuals (reduced chisquare) = WSSR/ndf   : 0.000500647

Final set of parameters            Asymptotic Standard Error
=======================            ==========================

a               = -1.26786e-06     +/- 3.188e-07    (25.14%)
b               = 2.70093e-05      +/- 5.304e-06    (19.64%)
c               = -0.0062397       +/- 0.003265     (52.33%)
d               = 0.0512252        +/- 0.03269      (63.82%)


correlation matrix of the fit parameters:

               a      b      c      d      
a               1.000 
b              -1.000  1.000 
c               0.891 -0.901  1.000 
d              -0.835  0.847 -0.992  1.000 
