

*******************************************************************************
Tue Mar 27 18:37:53 2018


FIT:    data read from "salidaminmax_matriz.dat"
        format = z
        #datapoints = 100
        residuals are weighted equally (unit weight)

function used for fitting: f(x)
fitted parameters initialized with current variable values



 Iteration 0
 WSSR        : 1.2821e+16        delta(WSSR)/WSSR   : 0
 delta(WSSR) : 0                 limit for stopping : 1e-05
 lambda	  : 6.53569e+06

initial set of free parameter values

a               = 1
b               = 1
c               = 1

After 10 iterations the fit converged.
final sum of squares of residuals : 0.802993
rel. change during last iteration : -1.79256e-09

degrees of freedom    (FIT_NDF)                        : 97
rms of residuals      (FIT_STDFIT) = sqrt(WSSR/ndf)    : 0.090985
variance of residuals (reduced chisquare) = WSSR/ndf   : 0.00827828

Final set of parameters            Asymptotic Standard Error
=======================            ==========================

a               = 4.52732e-08      +/- 4.884e-09    (10.79%)
b               = -8.10942e-05     +/- 2.546e-05    (31.39%)
c               = 0.0540565        +/- 0.02785      (51.52%)


correlation matrix of the fit parameters:

               a      b      c      
a               1.000 
b              -0.969  1.000 
c               0.753 -0.871  1.000 
