

*******************************************************************************
Mon Mar  5 18:57:36 2018


FIT:    data read from "salidainsercionmejorcaso.dat"
        format = z
        #datapoints = 50
        residuals are weighted equally (unit weight)

function used for fitting: f(x)
fitted parameters initialized with current variable values



 Iteration 0
 WSSR        : 6.56699e+19       delta(WSSR)/WSSR   : 0
 delta(WSSR) : 0                 limit for stopping : 1e-05
 lambda	  : 6.61648e+08

initial set of free parameter values

a               = 1
b               = 1
c               = 1

After 13 iterations the fit converged.
final sum of squares of residuals : 6.90133e-09
rel. change during last iteration : -1.95811e-10

degrees of freedom    (FIT_NDF)                        : 47
rms of residuals      (FIT_STDFIT) = sqrt(WSSR/ndf)    : 1.21176e-05
variance of residuals (reduced chisquare) = WSSR/ndf   : 1.46837e-10

Final set of parameters            Asymptotic Standard Error
=======================            ==========================

a               = -6.18818e-15     +/- 9.206e-15    (148.8%)
b               = 3.57775e-09      +/- 4.843e-10    (13.54%)
c               = 8.25025e-06      +/- 5.354e-06    (64.89%)


correlation matrix of the fit parameters:

               a      b      c      
a               1.000 
b              -0.969  1.000 
c               0.760 -0.876  1.000 


*******************************************************************************
Mon Mar  5 20:23:16 2018


FIT:    data read from "salidainsercionmejorcaso.dat"
        format = z
        #datapoints = 50
        residuals are weighted equally (unit weight)

function used for fitting: f(x)
fitted parameters initialized with current variable values



 Iteration 0
 WSSR        : 4.29275e+10       delta(WSSR)/WSSR   : 0
 delta(WSSR) : 0                 limit for stopping : 1e-05
 lambda	  : 20718.3

initial set of free parameter values

a               = 1
b               = 1

After 8 iterations the fit converged.
final sum of squares of residuals : 6.96768e-09
rel. change during last iteration : -1.75119e-06

degrees of freedom    (FIT_NDF)                        : 48
rms of residuals      (FIT_STDFIT) = sqrt(WSSR/ndf)    : 1.20482e-05
variance of residuals (reduced chisquare) = WSSR/ndf   : 1.4516e-10

Final set of parameters            Asymptotic Standard Error
=======================            ==========================

a               = 3.26215e-09      +/- 1.181e-10    (3.619%)
b               = 1.09854e-05      +/- 3.46e-06     (31.49%)


correlation matrix of the fit parameters:

               a      b      
a               1.000 
b              -0.870  1.000 


*******************************************************************************
Mon Mar  5 20:56:25 2018


FIT:    data read from "salidainsercionmejorcaso.dat"
        format = z
        #datapoints = 50
        residuals are weighted equally (unit weight)

function used for fitting: f(x)
fitted parameters initialized with current variable values



 Iteration 0
 WSSR        : 6.56699e+19       delta(WSSR)/WSSR   : 0
 delta(WSSR) : 0                 limit for stopping : 1e-05
 lambda	  : 6.61648e+08

initial set of free parameter values

a               = 1
b               = 1
c               = 1

After 13 iterations the fit converged.
final sum of squares of residuals : 6.90133e-09
rel. change during last iteration : -1.95811e-10

degrees of freedom    (FIT_NDF)                        : 47
rms of residuals      (FIT_STDFIT) = sqrt(WSSR/ndf)    : 1.21176e-05
variance of residuals (reduced chisquare) = WSSR/ndf   : 1.46837e-10

Final set of parameters            Asymptotic Standard Error
=======================            ==========================

a               = -6.18818e-15     +/- 9.206e-15    (148.8%)
b               = 3.57775e-09      +/- 4.843e-10    (13.54%)
c               = 8.25025e-06      +/- 5.354e-06    (64.89%)


correlation matrix of the fit parameters:

               a      b      c      
a               1.000 
b              -0.969  1.000 
c               0.760 -0.876  1.000 
