

*******************************************************************************
Thu Mar  1 16:49:02 2018


FIT:    data read from "salidaseleccion.dat"
        format = z
        #datapoints = 50
        residuals are weighted equally (unit weight)

function used for fitting: f(x)
fitted parameters initialized with current variable values



 Iteration 0
 WSSR        : 6.56699e+19       delta(WSSR)/WSSR   : 0
 delta(WSSR) : 0                 limit for stopping : 1e-05
 lambda	  : 6.61648e+08

initial set of free parameter values

a               = 1
b               = 1
c               = 1

After 12 iterations the fit converged.
final sum of squares of residuals : 0.0470588
rel. change during last iteration : -3.96215e-07

degrees of freedom    (FIT_NDF)                        : 47
rms of residuals      (FIT_STDFIT) = sqrt(WSSR/ndf)    : 0.0316426
variance of residuals (reduced chisquare) = WSSR/ndf   : 0.00100125

Final set of parameters            Asymptotic Standard Error
=======================            ==========================

a               = 1.39505e-09      +/- 2.404e-11    (1.723%)
b               = 1.75182e-06      +/- 1.265e-06    (72.19%)
c               = -0.00377559      +/- 0.01398      (370.3%)


correlation matrix of the fit parameters:

               a      b      c      
a               1.000 
b              -0.969  1.000 
c               0.760 -0.876  1.000 
