

*******************************************************************************
Wed Mar 28 14:13:23 2018


FIT:    data read from "salidazapatos.dat"
        format = z
        #datapoints = 500
        residuals are weighted equally (unit weight)

function used for fitting: f(x)
fitted parameters initialized with current variable values



 Iteration 0
 WSSR        : 4.17942e+11       delta(WSSR)/WSSR   : 0
 delta(WSSR) : 0                 limit for stopping : 1e-05
 lambda	  : 20443

initial set of free parameter values

a               = 1
b               = 1

After 8 iterations the fit converged.
final sum of squares of residuals : 0.000379511
rel. change during last iteration : -7.14211e-16

degrees of freedom    (FIT_NDF)                        : 498
rms of residuals      (FIT_STDFIT) = sqrt(WSSR/ndf)    : 0.000872966
variance of residuals (reduced chisquare) = WSSR/ndf   : 7.6207e-07

Final set of parameters            Asymptotic Standard Error
=======================            ==========================

a               = 1.67425e-07      +/- 2.705e-09    (1.616%)
b               = -6.05324e-05     +/- 7.82e-05     (129.2%)


correlation matrix of the fit parameters:

               a      b      
a               1.000 
b              -0.866  1.000 


*******************************************************************************
Wed Mar 28 14:15:40 2018


FIT:    data read from "salidazapatos.dat"
        format = z
        #datapoints = 500
        residuals are weighted equally (unit weight)

function used for fitting: f(x)
fitted parameters initialized with current variable values



 Iteration 0
 WSSR        : 0.000379511       delta(WSSR)/WSSR   : 0
 delta(WSSR) : 0                 limit for stopping : 1e-05
 lambda	  : 20443

initial set of free parameter values

a               = 1.67425e-07
b               = -6.05324e-05

The maximum lambda = 1.000000e+20 was exceeded. Fit stopped.
final sum of squares of residuals : 0.000379511
rel. change during last iteration : 0

degrees of freedom    (FIT_NDF)                        : 498
rms of residuals      (FIT_STDFIT) = sqrt(WSSR/ndf)    : 0.000872966
variance of residuals (reduced chisquare) = WSSR/ndf   : 7.6207e-07

Final set of parameters            Asymptotic Standard Error
=======================            ==========================

a               = 1.67425e-07      +/- 2.705e-09    (1.616%)
b               = -6.05324e-05     +/- 7.82e-05     (129.2%)


correlation matrix of the fit parameters:

               a      b      
a               1.000 
b              -0.866  1.000 
